
=== Fri Jun  9 16:20:50 2023

Packages were changed.
Update Mode: updateDependencies

The following packages were updated:
  com.unity.2d.animation from version 3.2.6 to 7.0.9
  com.unity.2d.pixel-perfect from version 2.1.0 to 5.0.3
  com.unity.2d.psdimporter from version 2.1.6 to 6.0.7
  com.unity.2d.spriteshape from version 3.0.15 to 7.0.6
  com.unity.collab-proxy from version 1.2.16 to 2.0.0
  com.unity.ide.rider from version 1.2.1 to 3.0.18
  com.unity.ide.vscode from version 1.2.3 to 1.2.5
  com.unity.test-framework from version 1.1.24 to 1.1.31
  com.unity.textmeshpro from version 2.1.4 to 3.0.6
  com.unity.timeline from version 1.2.18 to 1.6.4

=== Fri Jun  9 16:20:50 2023

Packages were changed.
Update Mode: mergeDefaultDependencies

The following packages were added:
  com.unity.2d.animation@7.0.9
  com.unity.2d.pixel-perfect@5.0.3
  com.unity.2d.psdimporter@6.0.7
  com.unity.2d.sprite@1.0.0
  com.unity.2d.spriteshape@7.0.6
  com.unity.2d.tilemap@1.0.0
